<?xml version="1.0" encoding="UTF-8" ?>
<testsuite tests="12" failures="0" name="le.cache.bis.services.impl.TestCacheService" time="0.201" errors="0" skipped="0">
  <properties>
[...]
</properties>
  <testcase classname="le.cache.bis.services.impl.TestCacheService" name="testCachingANewElementAfterIntiallyLoadingAllTheElements" time="0.085"/>
  <testcase classname="le.cache.bis.services.impl.TestCacheService" name="testRemovingAnElementFromCache" time="0.005"/>
  <testcase classname="le.cache.bis.services.impl.TestCacheService" name="testAccessingSnapshotAgainFromCacheServiceAfterReleasingTheSnapshot" time="0.007"/>
  <testcase classname="le.cache.bis.services.impl.TestCacheService" name="testCacheForNormalBehaviour" time="0.03"/>
  <testcase classname="le.cache.bis.services.impl.TestCacheService" name="testCachingANewElementWithoutIntiallyLoadingAllTheElements" time="0.011"/>
  <testcase classname="le.cache.bis.services.impl.TestCacheService" name="testQueryWithPropertiesInEmployeeEntityThatIsLinkedWithMemberEntity" time="0.009"/>
  <testcase classname="le.cache.bis.services.impl.TestCacheService" name="testAccessingElementsFromCacheAfterReleasingTheSnapshot" time="0.005"/>
  <testcase classname="le.cache.bis.services.impl.TestCacheService" name="testCacheForDuplicatesWithPropertQueryExpectingMultipleResults" time="0.008"/>
  <testcase classname="le.cache.bis.services.impl.TestCacheService" name="testCacheForDuplicatesWithQueryExpectingExactlyOneResult" time="0.02"/>
  <testcase classname="le.cache.bis.services.impl.TestCacheService" name="testCaseSensitiveSearch" time="0.006"/>
  <testcase classname="le.cache.bis.services.impl.TestCacheService" name="testUpdatingAnExistingElementInCache" time="0.009"/>
  <testcase classname="le.cache.bis.services.impl.TestCacheService" name="testNonCaseSensitiveSearch" time="0.006"/>
</testsuite>